2021-12-23 09:33:49,640 [restartedMain] [36mc.t.f.SpringBootRestFileUploadApplication[0;39m - Starting SpringBootRestFileUploadApplication using Java 15 on DESKTOP-7G56MR9 with PID 10660 (E:\Technoelevate Project\lte-person\target\classes started by Sahid in E:\Technoelevate Project\lte-person) 
2021-12-23 09:33:49,647 [restartedMain] [36mc.t.f.SpringBootRestFileUploadApplication[0;39m - No active profile set, falling back to default profiles: default 
2021-12-23 09:33:49,789 [restartedMain] [36mo.s.b.d.e.DevToolsPropertyDefaultsPostProcessor[0;39m - Devtools property defaults active! Set 'spring.devtools.add-properties' to 'false' to disable 
2021-12-23 09:33:49,790 [restartedMain] [36mo.s.b.d.e.DevToolsPropertyDefaultsPostProcessor[0;39m - For additional web related logging consider setting the 'logging.level.web' property to 'DEBUG' 
2021-12-23 09:33:55,028 [restartedMain] [36mo.s.d.r.c.RepositoryConfigurationDelegate[0;39m - Bootstrapping Spring Data JPA repositories in DEFAULT mode. 
2021-12-23 09:33:55,170 [restartedMain] [36mo.s.d.r.c.RepositoryConfigurationDelegate[0;39m - Finished Spring Data repository scanning in 122 ms. Found 4 JPA repository interfaces. 
2021-12-23 09:33:56,381 [restartedMain] [36mo.s.b.w.e.t.TomcatWebServer[0;39m - Tomcat initialized with port(s): 8081 (http) 
2021-12-23 09:33:56,400 [restartedMain] [36mo.a.c.c.StandardService[0;39m - Starting service [Tomcat] 
2021-12-23 09:33:56,401 [restartedMain] [36mo.a.c.c.StandardEngine[0;39m - Starting Servlet engine: [Apache Tomcat/9.0.55] 
2021-12-23 09:33:56,579 [restartedMain] [36mo.a.c.c.C.[.[.[/][0;39m - Initializing Spring embedded WebApplicationContext 
2021-12-23 09:33:56,580 [restartedMain] [36mo.s.b.w.s.c.ServletWebServerApplicationContext[0;39m - Root WebApplicationContext: initialization completed in 6789 ms 
2021-12-23 09:33:56,875 [restartedMain] [36mo.h.j.i.u.LogHelper[0;39m - HHH000204: Processing PersistenceUnitInfo [name: default] 
2021-12-23 09:33:57,047 [restartedMain] [36mo.h.Version[0;39m - HHH000412: Hibernate ORM core version 5.6.1.Final 
2021-12-23 09:33:57,527 [restartedMain] [36mo.h.a.c.Version[0;39m - HCANN000001: Hibernate Commons Annotations {5.1.2.Final} 
2021-12-23 09:33:57,773 [restartedMain] [36mc.z.h.HikariDataSource[0;39m - HikariPool-1 - Starting... 
2021-12-23 09:33:58,401 [restartedMain] [36mc.z.h.HikariDataSource[0;39m - HikariPool-1 - Start completed. 
2021-12-23 09:33:58,468 [restartedMain] [36mo.h.d.Dialect[0;39m - HHH000400: Using dialect: org.hibernate.dialect.MySQL55Dialect 
2021-12-23 09:34:00,704 [restartedMain] [36mo.h.e.t.j.p.i.JtaPlatformInitiator[0;39m - HHH000490: Using JtaPlatform implementation: [org.hibernate.engine.transaction.jta.platform.internal.NoJtaPlatform] 
2021-12-23 09:34:00,726 [restartedMain] [36mo.s.o.j.LocalContainerEntityManagerFactoryBean[0;39m - Initialized JPA EntityManagerFactory for persistence unit 'default' 
2021-12-23 09:34:01,737 [restartedMain] [36mo.s.b.a.o.j.JpaBaseConfiguration$JpaWebConfiguration[0;39m - spring.jpa.open-in-view is enabled by default. Therefore, database queries may be performed during view rendering. Explicitly configure spring.jpa.open-in-view to disable this warning 
2021-12-23 09:34:02,280 [restartedMain] [36mo.s.b.d.a.OptionalLiveReloadServer[0;39m - LiveReload server is running on port 35729 
2021-12-23 09:34:02,362 [restartedMain] [36mo.s.b.w.e.t.TomcatWebServer[0;39m - Tomcat started on port(s): 8081 (http) with context path '' 
2021-12-23 09:34:02,386 [restartedMain] [36mc.t.f.SpringBootRestFileUploadApplication[0;39m - Started SpringBootRestFileUploadApplication in 14.107 seconds (JVM running for 18.848) 
2021-12-23 09:35:24,375 [http-nio-8081-exec-1] [36mo.a.c.c.C.[.[.[/][0;39m - Initializing Spring DispatcherServlet 'dispatcherServlet' 
2021-12-23 09:35:24,385 [http-nio-8081-exec-1] [36mo.s.w.s.DispatcherServlet[0;39m - Initializing Servlet 'dispatcherServlet' 
2021-12-23 09:35:24,437 [http-nio-8081-exec-1] [36mo.s.w.s.DispatcherServlet[0;39m - Completed initialization in 52 ms 
2021-12-23 09:35:25,698 [http-nio-8081-exec-1] [36mc.t.f.c.FileUploadConttroller[0;39m - Fetch All Data Successfully 
2021-12-23 09:37:21,071 [http-nio-8081-exec-3] [36mc.t.f.c.FileUploadConttroller[0;39m - Fetch All Data Successfully 
2021-12-23 09:39:00,356 [http-nio-8081-exec-5] [36mc.t.f.c.FileUploadConttroller[0;39m - Fetch All Data Successfully 
2021-12-23 09:40:48,744 [RMI TCP Connection(12)-127.0.0.1] [36mo.s.b.a.SpringApplicationAdminMXBeanRegistrar$SpringApplicationAdmin[0;39m - Application shutdown requested. 
2021-12-23 09:40:49,637 [RMI TCP Connection(12)-127.0.0.1] [36mo.s.o.j.LocalContainerEntityManagerFactoryBean[0;39m - Closing JPA EntityManagerFactory for persistence unit 'default' 
2021-12-23 09:57:51,192 [restartedMain] [36mc.t.f.SpringBootRestFileUploadApplication[0;39m - Starting SpringBootRestFileUploadApplication using Java 15 on DESKTOP-7G56MR9 with PID 12212 (E:\Technoelevate Project\lte-person\target\classes started by Sahid in E:\Technoelevate Project\lte-person) 
2021-12-23 09:57:51,194 [restartedMain] [36mc.t.f.SpringBootRestFileUploadApplication[0;39m - No active profile set, falling back to default profiles: default 
2021-12-23 09:57:51,336 [restartedMain] [36mo.s.b.d.e.DevToolsPropertyDefaultsPostProcessor[0;39m - Devtools property defaults active! Set 'spring.devtools.add-properties' to 'false' to disable 
2021-12-23 09:57:51,337 [restartedMain] [36mo.s.b.d.e.DevToolsPropertyDefaultsPostProcessor[0;39m - For additional web related logging consider setting the 'logging.level.web' property to 'DEBUG' 
2021-12-23 09:57:53,332 [restartedMain] [36mo.s.d.r.c.RepositoryConfigurationDelegate[0;39m - Bootstrapping Spring Data JPA repositories in DEFAULT mode. 
2021-12-23 09:57:53,545 [restartedMain] [36mo.s.d.r.c.RepositoryConfigurationDelegate[0;39m - Finished Spring Data repository scanning in 196 ms. Found 4 JPA repository interfaces. 
2021-12-23 09:57:54,790 [restartedMain] [36mo.s.b.w.e.t.TomcatWebServer[0;39m - Tomcat initialized with port(s): 8081 (http) 
2021-12-23 09:57:54,807 [restartedMain] [36mo.a.c.c.StandardService[0;39m - Starting service [Tomcat] 
2021-12-23 09:57:54,807 [restartedMain] [36mo.a.c.c.StandardEngine[0;39m - Starting Servlet engine: [Apache Tomcat/9.0.55] 
2021-12-23 09:57:55,065 [restartedMain] [36mo.a.c.c.C.[.[.[/][0;39m - Initializing Spring embedded WebApplicationContext 
2021-12-23 09:57:55,066 [restartedMain] [36mo.s.b.w.s.c.ServletWebServerApplicationContext[0;39m - Root WebApplicationContext: initialization completed in 3727 ms 
2021-12-23 09:57:55,412 [restartedMain] [36mo.h.j.i.u.LogHelper[0;39m - HHH000204: Processing PersistenceUnitInfo [name: default] 
2021-12-23 09:57:55,556 [restartedMain] [36mo.h.Version[0;39m - HHH000412: Hibernate ORM core version 5.6.1.Final 
2021-12-23 09:57:55,983 [restartedMain] [36mo.h.a.c.Version[0;39m - HCANN000001: Hibernate Commons Annotations {5.1.2.Final} 
2021-12-23 09:57:56,229 [restartedMain] [36mc.z.h.HikariDataSource[0;39m - HikariPool-1 - Starting... 
2021-12-23 09:57:56,644 [restartedMain] [36mc.z.h.HikariDataSource[0;39m - HikariPool-1 - Start completed. 
2021-12-23 09:57:56,725 [restartedMain] [36mo.h.d.Dialect[0;39m - HHH000400: Using dialect: org.hibernate.dialect.MySQL55Dialect 
2021-12-23 09:57:59,643 [restartedMain] [36mo.h.e.t.j.p.i.JtaPlatformInitiator[0;39m - HHH000490: Using JtaPlatform implementation: [org.hibernate.engine.transaction.jta.platform.internal.NoJtaPlatform] 
2021-12-23 09:57:59,657 [restartedMain] [36mo.s.o.j.LocalContainerEntityManagerFactoryBean[0;39m - Initialized JPA EntityManagerFactory for persistence unit 'default' 
2021-12-23 09:58:00,825 [restartedMain] [36mo.s.b.a.o.j.JpaBaseConfiguration$JpaWebConfiguration[0;39m - spring.jpa.open-in-view is enabled by default. Therefore, database queries may be performed during view rendering. Explicitly configure spring.jpa.open-in-view to disable this warning 
2021-12-23 09:58:01,367 [restartedMain] [36mo.s.b.d.a.OptionalLiveReloadServer[0;39m - LiveReload server is running on port 35729 
2021-12-23 09:58:01,436 [restartedMain] [36mo.s.b.w.e.t.TomcatWebServer[0;39m - Tomcat started on port(s): 8081 (http) with context path '' 
2021-12-23 09:58:01,452 [restartedMain] [36mc.t.f.SpringBootRestFileUploadApplication[0;39m - Started SpringBootRestFileUploadApplication in 13.633 seconds (JVM running for 15.734) 
2021-12-23 09:58:43,504 [http-nio-8081-exec-1] [36mo.a.c.c.C.[.[.[/][0;39m - Initializing Spring DispatcherServlet 'dispatcherServlet' 
2021-12-23 09:58:43,505 [http-nio-8081-exec-1] [36mo.s.w.s.DispatcherServlet[0;39m - Initializing Servlet 'dispatcherServlet' 
2021-12-23 09:58:43,506 [http-nio-8081-exec-1] [36mo.s.w.s.DispatcherServlet[0;39m - Completed initialization in 1 ms 
2021-12-23 09:58:44,003 [http-nio-8081-exec-1] [36mc.t.f.c.FileUploadConttroller[0;39m - Fetch All Data Successfully 
2021-12-23 10:03:31,868 [http-nio-8081-exec-3] [36mc.t.f.c.FileUploadConttroller[0;39m - Fetch All Data Successfully 
2021-12-23 10:11:24,015 [RMI TCP Connection(17)-127.0.0.1] [36mo.s.b.a.SpringApplicationAdminMXBeanRegistrar$SpringApplicationAdmin[0;39m - Application shutdown requested. 
2021-12-23 10:11:24,999 [RMI TCP Connection(17)-127.0.0.1] [36mo.s.o.j.LocalContainerEntityManagerFactoryBean[0;39m - Closing JPA EntityManagerFactory for persistence unit 'default' 
2021-12-23 10:11:25,170 [RMI TCP Connection(17)-127.0.0.1] [36mc.z.h.HikariDataSource[0;39m - HikariPool-1 - Shutdown initiated... 
2021-12-23 10:11:25,377 [RMI TCP Connection(17)-127.0.0.1] [36mc.z.h.HikariDataSource[0;39m - HikariPool-1 - Shutdown completed. 
2021-12-23 10:16:41,247 [restartedMain] [36mc.t.f.SpringBootRestFileUploadApplication[0;39m - Starting SpringBootRestFileUploadApplication using Java 15 on DESKTOP-7G56MR9 with PID 11928 (E:\Technoelevate Project\lte-person\target\classes started by Sahid in E:\Technoelevate Project\lte-person) 
2021-12-23 10:16:41,251 [restartedMain] [36mc.t.f.SpringBootRestFileUploadApplication[0;39m - No active profile set, falling back to default profiles: default 
2021-12-23 10:16:41,384 [restartedMain] [36mo.s.b.d.e.DevToolsPropertyDefaultsPostProcessor[0;39m - Devtools property defaults active! Set 'spring.devtools.add-properties' to 'false' to disable 
2021-12-23 10:16:41,385 [restartedMain] [36mo.s.b.d.e.DevToolsPropertyDefaultsPostProcessor[0;39m - For additional web related logging consider setting the 'logging.level.web' property to 'DEBUG' 
2021-12-23 10:16:42,722 [restartedMain] [36mo.s.d.r.c.RepositoryConfigurationDelegate[0;39m - Bootstrapping Spring Data JPA repositories in DEFAULT mode. 
2021-12-23 10:16:42,862 [restartedMain] [36mo.s.d.r.c.RepositoryConfigurationDelegate[0;39m - Finished Spring Data repository scanning in 125 ms. Found 4 JPA repository interfaces. 
2021-12-23 10:16:44,133 [restartedMain] [36mo.s.b.w.e.t.TomcatWebServer[0;39m - Tomcat initialized with port(s): 8081 (http) 
2021-12-23 10:16:44,150 [restartedMain] [36mo.a.c.c.StandardService[0;39m - Starting service [Tomcat] 
2021-12-23 10:16:44,151 [restartedMain] [36mo.a.c.c.StandardEngine[0;39m - Starting Servlet engine: [Apache Tomcat/9.0.55] 
2021-12-23 10:16:44,316 [restartedMain] [36mo.a.c.c.C.[.[.[/][0;39m - Initializing Spring embedded WebApplicationContext 
2021-12-23 10:16:44,317 [restartedMain] [36mo.s.b.w.s.c.ServletWebServerApplicationContext[0;39m - Root WebApplicationContext: initialization completed in 2931 ms 
2021-12-23 10:16:44,684 [restartedMain] [36mo.h.j.i.u.LogHelper[0;39m - HHH000204: Processing PersistenceUnitInfo [name: default] 
2021-12-23 10:16:44,835 [restartedMain] [36mo.h.Version[0;39m - HHH000412: Hibernate ORM core version 5.6.1.Final 
2021-12-23 10:16:45,264 [restartedMain] [36mo.h.a.c.Version[0;39m - HCANN000001: Hibernate Commons Annotations {5.1.2.Final} 
2021-12-23 10:16:45,457 [restartedMain] [36mc.z.h.HikariDataSource[0;39m - HikariPool-1 - Starting... 
2021-12-23 10:16:45,743 [restartedMain] [36mc.z.h.HikariDataSource[0;39m - HikariPool-1 - Start completed. 
2021-12-23 10:16:45,808 [restartedMain] [36mo.h.d.Dialect[0;39m - HHH000400: Using dialect: org.hibernate.dialect.MySQL55Dialect 
2021-12-23 10:16:47,616 [restartedMain] [36mo.h.e.t.j.p.i.JtaPlatformInitiator[0;39m - HHH000490: Using JtaPlatform implementation: [org.hibernate.engine.transaction.jta.platform.internal.NoJtaPlatform] 
2021-12-23 10:16:47,635 [restartedMain] [36mo.s.o.j.LocalContainerEntityManagerFactoryBean[0;39m - Initialized JPA EntityManagerFactory for persistence unit 'default' 
2021-12-23 10:16:48,562 [restartedMain] [36mo.s.b.a.o.j.JpaBaseConfiguration$JpaWebConfiguration[0;39m - spring.jpa.open-in-view is enabled by default. Therefore, database queries may be performed during view rendering. Explicitly configure spring.jpa.open-in-view to disable this warning 
2021-12-23 10:16:49,070 [restartedMain] [36mo.s.b.d.a.OptionalLiveReloadServer[0;39m - LiveReload server is running on port 35729 
2021-12-23 10:16:49,137 [restartedMain] [36mo.s.b.w.e.t.TomcatWebServer[0;39m - Tomcat started on port(s): 8081 (http) with context path '' 
2021-12-23 10:16:49,153 [restartedMain] [36mc.t.f.SpringBootRestFileUploadApplication[0;39m - Started SpringBootRestFileUploadApplication in 12.443 seconds (JVM running for 15.088) 
2021-12-23 10:17:35,546 [http-nio-8081-exec-1] [36mo.a.c.c.C.[.[.[/][0;39m - Initializing Spring DispatcherServlet 'dispatcherServlet' 
2021-12-23 10:17:35,554 [http-nio-8081-exec-1] [36mo.s.w.s.DispatcherServlet[0;39m - Initializing Servlet 'dispatcherServlet' 
2021-12-23 10:17:35,574 [http-nio-8081-exec-1] [36mo.s.w.s.DispatcherServlet[0;39m - Completed initialization in 20 ms 
2021-12-23 10:17:36,511 [http-nio-8081-exec-1] [36mc.t.f.c.FileUploadConttroller[0;39m - Fetch All Data Successfully 
2021-12-23 10:24:22,961 [http-nio-8081-exec-3] [36mc.t.f.c.FileUploadConttroller[0;39m - Fetch All Data Successfully 
2021-12-23 10:28:01,620 [http-nio-8081-exec-5] [36mc.t.f.c.FileUploadConttroller[0;39m - Fetch All Data Successfully 
2021-12-23 10:28:40,616 [http-nio-8081-exec-6] [36mc.t.f.c.FileUploadConttroller[0;39m - Fetch All Data Successfully 
2021-12-23 10:30:28,250 [http-nio-8081-exec-7] [36mc.t.f.c.FileUploadConttroller[0;39m - Fetch All Data Successfully 
2021-12-23 10:32:51,448 [RMI TCP Connection(19)-127.0.0.1] [36mo.s.b.a.SpringApplicationAdminMXBeanRegistrar$SpringApplicationAdmin[0;39m - Application shutdown requested. 
2021-12-23 10:32:56,321 [RMI TCP Connection(19)-127.0.0.1] [36mo.s.o.j.LocalContainerEntityManagerFactoryBean[0;39m - Closing JPA EntityManagerFactory for persistence unit 'default' 
2021-12-23 10:32:56,496 [RMI TCP Connection(19)-127.0.0.1] [36mc.z.h.HikariDataSource[0;39m - HikariPool-1 - Shutdown initiated... 
2021-12-23 10:32:56,685 [RMI TCP Connection(19)-127.0.0.1] [36mc.z.h.HikariDataSource[0;39m - HikariPool-1 - Shutdown completed. 
2021-12-23 10:43:27,313 [restartedMain] [36mc.t.f.SpringBootRestFileUploadApplication[0;39m - Starting SpringBootRestFileUploadApplication using Java 15 on DESKTOP-7G56MR9 with PID 16128 (E:\Technoelevate Project\lte-person\target\classes started by Sahid in E:\Technoelevate Project\lte-person) 
2021-12-23 10:43:27,316 [restartedMain] [36mc.t.f.SpringBootRestFileUploadApplication[0;39m - No active profile set, falling back to default profiles: default 
2021-12-23 10:43:27,429 [restartedMain] [36mo.s.b.d.e.DevToolsPropertyDefaultsPostProcessor[0;39m - Devtools property defaults active! Set 'spring.devtools.add-properties' to 'false' to disable 
2021-12-23 10:43:27,430 [restartedMain] [36mo.s.b.d.e.DevToolsPropertyDefaultsPostProcessor[0;39m - For additional web related logging consider setting the 'logging.level.web' property to 'DEBUG' 
2021-12-23 10:43:28,673 [restartedMain] [36mo.s.d.r.c.RepositoryConfigurationDelegate[0;39m - Bootstrapping Spring Data JPA repositories in DEFAULT mode. 
2021-12-23 10:43:28,789 [restartedMain] [36mo.s.d.r.c.RepositoryConfigurationDelegate[0;39m - Finished Spring Data repository scanning in 101 ms. Found 4 JPA repository interfaces. 
2021-12-23 10:43:29,824 [restartedMain] [36mo.s.b.w.e.t.TomcatWebServer[0;39m - Tomcat initialized with port(s): 8081 (http) 
2021-12-23 10:43:29,844 [restartedMain] [36mo.a.c.c.StandardService[0;39m - Starting service [Tomcat] 
2021-12-23 10:43:29,844 [restartedMain] [36mo.a.c.c.StandardEngine[0;39m - Starting Servlet engine: [Apache Tomcat/9.0.55] 
2021-12-23 10:43:30,065 [restartedMain] [36mo.a.c.c.C.[.[.[/][0;39m - Initializing Spring embedded WebApplicationContext 
2021-12-23 10:43:30,066 [restartedMain] [36mo.s.b.w.s.c.ServletWebServerApplicationContext[0;39m - Root WebApplicationContext: initialization completed in 2631 ms 
2021-12-23 10:43:30,319 [restartedMain] [36mo.h.j.i.u.LogHelper[0;39m - HHH000204: Processing PersistenceUnitInfo [name: default] 
2021-12-23 10:43:30,421 [restartedMain] [36mo.h.Version[0;39m - HHH000412: Hibernate ORM core version 5.6.1.Final 
2021-12-23 10:43:30,770 [restartedMain] [36mo.h.a.c.Version[0;39m - HCANN000001: Hibernate Commons Annotations {5.1.2.Final} 
2021-12-23 10:43:30,975 [restartedMain] [36mc.z.h.HikariDataSource[0;39m - HikariPool-1 - Starting... 
2021-12-23 10:43:31,271 [restartedMain] [36mc.z.h.HikariDataSource[0;39m - HikariPool-1 - Start completed. 
2021-12-23 10:43:31,339 [restartedMain] [36mo.h.d.Dialect[0;39m - HHH000400: Using dialect: org.hibernate.dialect.MySQL55Dialect 
2021-12-23 10:43:33,053 [restartedMain] [36mo.h.e.t.j.p.i.JtaPlatformInitiator[0;39m - HHH000490: Using JtaPlatform implementation: [org.hibernate.engine.transaction.jta.platform.internal.NoJtaPlatform] 
2021-12-23 10:43:33,070 [restartedMain] [36mo.s.o.j.LocalContainerEntityManagerFactoryBean[0;39m - Initialized JPA EntityManagerFactory for persistence unit 'default' 
2021-12-23 10:43:34,055 [restartedMain] [36mo.s.b.a.o.j.JpaBaseConfiguration$JpaWebConfiguration[0;39m - spring.jpa.open-in-view is enabled by default. Therefore, database queries may be performed during view rendering. Explicitly configure spring.jpa.open-in-view to disable this warning 
2021-12-23 10:43:34,597 [restartedMain] [36mo.s.b.d.a.OptionalLiveReloadServer[0;39m - Unable to start LiveReload server 
2021-12-23 10:43:34,677 [restartedMain] [36mo.s.b.w.e.t.TomcatWebServer[0;39m - Tomcat started on port(s): 8081 (http) with context path '' 
2021-12-23 10:43:34,700 [restartedMain] [36mc.t.f.SpringBootRestFileUploadApplication[0;39m - Started SpringBootRestFileUploadApplication in 8.095 seconds (JVM running for 9.82) 
2021-12-23 10:43:48,598 [http-nio-8081-exec-1] [36mo.a.c.c.C.[.[.[/][0;39m - Initializing Spring DispatcherServlet 'dispatcherServlet' 
2021-12-23 10:43:48,600 [http-nio-8081-exec-1] [36mo.s.w.s.DispatcherServlet[0;39m - Initializing Servlet 'dispatcherServlet' 
2021-12-23 10:43:48,603 [http-nio-8081-exec-1] [36mo.s.w.s.DispatcherServlet[0;39m - Completed initialization in 3 ms 
2021-12-23 10:43:53,140 [http-nio-8081-exec-1] [36mc.t.f.c.FileUploadConttroller[0;39m - Fetch All Data Successfully 
2021-12-23 10:56:52,168 [http-nio-8081-exec-3] [36mc.t.f.c.FileUploadConttroller[0;39m - Fetch All Data Successfully 
2021-12-23 10:57:12,387 [http-nio-8081-exec-4] [36mc.t.f.c.FileUploadConttroller[0;39m - Fetch All Data Successfully 
2021-12-23 11:00:19,111 [http-nio-8081-exec-5] [36mc.t.f.c.FileUploadConttroller[0;39m - Fetch All Data Successfully 
2021-12-23 11:01:28,207 [http-nio-8081-exec-6] [36mc.t.f.c.FileUploadConttroller[0;39m - Fetch All Data Successfully 
2021-12-23 11:08:15,172 [Thread-1] [36mo.s.o.j.LocalContainerEntityManagerFactoryBean[0;39m - Closing JPA EntityManagerFactory for persistence unit 'default' 
2021-12-23 11:08:15,384 [Thread-1] [36mc.z.h.HikariDataSource[0;39m - HikariPool-1 - Shutdown initiated... 
2021-12-23 11:08:15,616 [Thread-1] [36mc.z.h.HikariDataSource[0;39m - HikariPool-1 - Shutdown completed. 
2021-12-23 11:08:16,819 [restartedMain] [36mc.t.f.SpringBootRestFileUploadApplication[0;39m - Starting SpringBootRestFileUploadApplication using Java 15 on DESKTOP-7G56MR9 with PID 16128 (E:\Technoelevate Project\lte-person\target\classes started by Sahid in E:\Technoelevate Project\lte-person) 
2021-12-23 11:08:16,820 [restartedMain] [36mc.t.f.SpringBootRestFileUploadApplication[0;39m - No active profile set, falling back to default profiles: default 
2021-12-23 11:08:17,379 [restartedMain] [36mo.s.d.r.c.RepositoryConfigurationDelegate[0;39m - Bootstrapping Spring Data JPA repositories in DEFAULT mode. 
2021-12-23 11:08:17,419 [restartedMain] [36mo.s.d.r.c.RepositoryConfigurationDelegate[0;39m - Finished Spring Data repository scanning in 39 ms. Found 4 JPA repository interfaces. 
2021-12-23 11:08:17,850 [restartedMain] [36mo.s.b.w.e.t.TomcatWebServer[0;39m - Tomcat initialized with port(s): 8081 (http) 
2021-12-23 11:08:17,852 [restartedMain] [36mo.a.c.c.StandardService[0;39m - Starting service [Tomcat] 
2021-12-23 11:08:17,853 [restartedMain] [36mo.a.c.c.StandardEngine[0;39m - Starting Servlet engine: [Apache Tomcat/9.0.55] 
2021-12-23 11:08:17,907 [restartedMain] [36mo.a.c.c.C.[.[.[/][0;39m - Initializing Spring embedded WebApplicationContext 
2021-12-23 11:08:17,907 [restartedMain] [36mo.s.b.w.s.c.ServletWebServerApplicationContext[0;39m - Root WebApplicationContext: initialization completed in 1078 ms 
2021-12-23 11:08:17,987 [restartedMain] [36mo.h.j.i.u.LogHelper[0;39m - HHH000204: Processing PersistenceUnitInfo [name: default] 
2021-12-23 11:08:17,997 [restartedMain] [36mc.z.h.HikariDataSource[0;39m - HikariPool-2 - Starting... 
2021-12-23 11:08:18,017 [restartedMain] [36mc.z.h.HikariDataSource[0;39m - HikariPool-2 - Start completed. 
2021-12-23 11:08:18,018 [restartedMain] [36mo.h.d.Dialect[0;39m - HHH000400: Using dialect: org.hibernate.dialect.MySQL55Dialect 
2021-12-23 11:08:31,949 [restartedMain] [36mo.h.e.t.j.p.i.JtaPlatformInitiator[0;39m - HHH000490: Using JtaPlatform implementation: [org.hibernate.engine.transaction.jta.platform.internal.NoJtaPlatform] 
2021-12-23 11:08:31,951 [restartedMain] [36mo.s.o.j.LocalContainerEntityManagerFactoryBean[0;39m - Initialized JPA EntityManagerFactory for persistence unit 'default' 
2021-12-23 11:08:32,289 [restartedMain] [36mo.s.b.a.o.j.JpaBaseConfiguration$JpaWebConfiguration[0;39m - spring.jpa.open-in-view is enabled by default. Therefore, database queries may be performed during view rendering. Explicitly configure spring.jpa.open-in-view to disable this warning 
2021-12-23 11:08:32,533 [restartedMain] [36mo.s.b.d.a.OptionalLiveReloadServer[0;39m - Unable to start LiveReload server 
2021-12-23 11:08:32,555 [restartedMain] [36mo.s.b.w.e.t.TomcatWebServer[0;39m - Tomcat started on port(s): 8081 (http) with context path '' 
2021-12-23 11:08:32,563 [restartedMain] [36mc.t.f.SpringBootRestFileUploadApplication[0;39m - Started SpringBootRestFileUploadApplication in 16.02 seconds (JVM running for 1507.684) 
2021-12-23 11:08:32,566 [restartedMain] [36mo.s.b.d.a.ConditionEvaluationDeltaLoggingListener[0;39m - Condition evaluation unchanged 
2021-12-23 11:09:16,379 [http-nio-8081-exec-2] [36mo.a.c.c.C.[.[.[/][0;39m - Initializing Spring DispatcherServlet 'dispatcherServlet' 
2021-12-23 11:09:16,379 [http-nio-8081-exec-2] [36mo.s.w.s.DispatcherServlet[0;39m - Initializing Servlet 'dispatcherServlet' 
2021-12-23 11:09:16,382 [http-nio-8081-exec-2] [36mo.s.w.s.DispatcherServlet[0;39m - Completed initialization in 3 ms 
2021-12-23 11:09:16,499 [http-nio-8081-exec-2] [36mc.t.f.c.FileUploadConttroller[0;39m - Fetch All Data Successfully 
2021-12-23 11:10:49,589 [http-nio-8081-exec-4] [36mc.t.f.c.FileUploadConttroller[0;39m - Fetch All Data Successfully 
2021-12-23 11:13:54,310 [http-nio-8081-exec-5] [36mc.t.f.c.FileUploadConttroller[0;39m - Fetch All Data Successfully 
2021-12-23 11:14:05,477 [http-nio-8081-exec-6] [36mc.t.f.c.FileUploadConttroller[0;39m - Fetch All Data Successfully 
2021-12-23 11:15:39,271 [http-nio-8081-exec-8] [36mc.t.f.c.FileUploadConttroller[0;39m - Fetch All Data Successfully 
2021-12-23 11:19:39,578 [http-nio-8081-exec-9] [36mc.t.f.c.FileUploadConttroller[0;39m - Fetch All Data Successfully 
2021-12-23 11:20:36,959 [http-nio-8081-exec-10] [36mc.t.f.c.FileUploadConttroller[0;39m - Fetch All Data Successfully 
2021-12-23 11:23:07,159 [http-nio-8081-exec-2] [36mc.t.f.c.FileUploadConttroller[0;39m - Fetch All Data Successfully 
2021-12-23 11:26:17,802 [RMI TCP Connection(46)-127.0.0.1] [36mo.s.b.a.SpringApplicationAdminMXBeanRegistrar$SpringApplicationAdmin[0;39m - Application shutdown requested. 
2021-12-23 11:26:18,896 [RMI TCP Connection(46)-127.0.0.1] [36mo.s.o.j.LocalContainerEntityManagerFactoryBean[0;39m - Closing JPA EntityManagerFactory for persistence unit 'default' 
2021-12-23 11:26:19,019 [RMI TCP Connection(46)-127.0.0.1] [36mc.z.h.HikariDataSource[0;39m - HikariPool-2 - Shutdown initiated... 
2021-12-23 11:26:19,072 [RMI TCP Connection(46)-127.0.0.1] [36mc.z.h.HikariDataSource[0;39m - HikariPool-2 - Shutdown completed. 
2021-12-23 11:55:30,176 [restartedMain] [36mc.t.f.SpringBootRestFileUploadApplication[0;39m - Starting SpringBootRestFileUploadApplication using Java 15 on DESKTOP-7G56MR9 with PID 15596 (E:\Technoelevate Project\lte-person\target\classes started by Sahid in E:\Technoelevate Project\lte-person) 
2021-12-23 11:55:30,178 [restartedMain] [36mc.t.f.SpringBootRestFileUploadApplication[0;39m - No active profile set, falling back to default profiles: default 
2021-12-23 11:55:30,350 [restartedMain] [36mo.s.b.d.e.DevToolsPropertyDefaultsPostProcessor[0;39m - Devtools property defaults active! Set 'spring.devtools.add-properties' to 'false' to disable 
2021-12-23 11:55:30,351 [restartedMain] [36mo.s.b.d.e.DevToolsPropertyDefaultsPostProcessor[0;39m - For additional web related logging consider setting the 'logging.level.web' property to 'DEBUG' 
2021-12-23 11:55:33,205 [restartedMain] [36mo.s.d.r.c.RepositoryConfigurationDelegate[0;39m - Bootstrapping Spring Data JPA repositories in DEFAULT mode. 
2021-12-23 11:55:33,457 [restartedMain] [36mo.s.d.r.c.RepositoryConfigurationDelegate[0;39m - Finished Spring Data repository scanning in 145 ms. Found 4 JPA repository interfaces. 
2021-12-23 11:55:35,191 [restartedMain] [36mo.s.b.w.e.t.TomcatWebServer[0;39m - Tomcat initialized with port(s): 8081 (http) 
2021-12-23 11:55:35,208 [restartedMain] [36mo.a.c.c.StandardService[0;39m - Starting service [Tomcat] 
2021-12-23 11:55:35,208 [restartedMain] [36mo.a.c.c.StandardEngine[0;39m - Starting Servlet engine: [Apache Tomcat/9.0.55] 
2021-12-23 11:55:35,367 [restartedMain] [36mo.a.c.c.C.[.[.[/][0;39m - Initializing Spring embedded WebApplicationContext 
2021-12-23 11:55:35,368 [restartedMain] [36mo.s.b.w.s.c.ServletWebServerApplicationContext[0;39m - Root WebApplicationContext: initialization completed in 5016 ms 
2021-12-23 11:55:35,614 [restartedMain] [36mo.h.j.i.u.LogHelper[0;39m - HHH000204: Processing PersistenceUnitInfo [name: default] 
2021-12-23 11:55:35,711 [restartedMain] [36mo.h.Version[0;39m - HHH000412: Hibernate ORM core version 5.6.1.Final 
2021-12-23 11:55:36,009 [restartedMain] [36mo.h.a.c.Version[0;39m - HCANN000001: Hibernate Commons Annotations {5.1.2.Final} 
2021-12-23 11:55:36,222 [restartedMain] [36mc.z.h.HikariDataSource[0;39m - HikariPool-1 - Starting... 
2021-12-23 11:55:36,578 [restartedMain] [36mc.z.h.HikariDataSource[0;39m - HikariPool-1 - Start completed. 
2021-12-23 11:55:36,622 [restartedMain] [36mo.h.d.Dialect[0;39m - HHH000400: Using dialect: org.hibernate.dialect.MySQL55Dialect 
2021-12-23 11:55:42,369 [restartedMain] [36mo.h.e.t.j.p.i.JtaPlatformInitiator[0;39m - HHH000490: Using JtaPlatform implementation: [org.hibernate.engine.transaction.jta.platform.internal.NoJtaPlatform] 
2021-12-23 11:55:42,396 [restartedMain] [36mo.s.o.j.LocalContainerEntityManagerFactoryBean[0;39m - Initialized JPA EntityManagerFactory for persistence unit 'default' 
2021-12-23 11:55:43,724 [restartedMain] [36mo.s.b.a.o.j.JpaBaseConfiguration$JpaWebConfiguration[0;39m - spring.jpa.open-in-view is enabled by default. Therefore, database queries may be performed during view rendering. Explicitly configure spring.jpa.open-in-view to disable this warning 
2021-12-23 11:55:44,244 [restartedMain] [36mo.s.b.d.a.OptionalLiveReloadServer[0;39m - LiveReload server is running on port 35729 
2021-12-23 11:55:44,331 [restartedMain] [36mo.s.b.w.e.t.TomcatWebServer[0;39m - Tomcat started on port(s): 8081 (http) with context path '' 
2021-12-23 11:55:44,350 [restartedMain] [36mc.t.f.SpringBootRestFileUploadApplication[0;39m - Started SpringBootRestFileUploadApplication in 15.729 seconds (JVM running for 17.88) 
2021-12-23 11:56:49,832 [http-nio-8081-exec-1] [36mo.a.c.c.C.[.[.[/][0;39m - Initializing Spring DispatcherServlet 'dispatcherServlet' 
2021-12-23 11:56:49,841 [http-nio-8081-exec-1] [36mo.s.w.s.DispatcherServlet[0;39m - Initializing Servlet 'dispatcherServlet' 
2021-12-23 11:56:49,901 [http-nio-8081-exec-1] [36mo.s.w.s.DispatcherServlet[0;39m - Completed initialization in 59 ms 
2021-12-23 11:56:50,866 [http-nio-8081-exec-1] [36mc.t.f.c.FileUploadConttroller[0;39m - Fetch All Data Successfully 
2021-12-23 12:01:43,334 [http-nio-8081-exec-3] [36mc.t.f.c.FileUploadConttroller[0;39m - Fetch All Data Successfully 
2021-12-23 12:06:23,288 [http-nio-8081-exec-4] [36mc.t.f.c.FileUploadConttroller[0;39m - Fetch All Data Successfully 
2021-12-23 12:11:24,733 [http-nio-8081-exec-5] [36mc.t.f.c.FileUploadConttroller[0;39m - Fetch All Data Successfully 
2021-12-23 12:15:02,401 [http-nio-8081-exec-7] [36mc.t.f.c.FileUploadConttroller[0;39m - Fetch All Data Successfully 
2021-12-23 12:37:24,643 [RMI TCP Connection(45)-127.0.0.1] [36mo.s.b.a.SpringApplicationAdminMXBeanRegistrar$SpringApplicationAdmin[0;39m - Application shutdown requested. 
2021-12-23 12:37:25,921 [RMI TCP Connection(45)-127.0.0.1] [36mo.s.o.j.LocalContainerEntityManagerFactoryBean[0;39m - Closing JPA EntityManagerFactory for persistence unit 'default' 
2021-12-23 12:37:26,086 [RMI TCP Connection(45)-127.0.0.1] [36mc.z.h.HikariDataSource[0;39m - HikariPool-1 - Shutdown initiated... 
2021-12-23 12:37:26,168 [RMI TCP Connection(45)-127.0.0.1] [36mc.z.h.HikariDataSource[0;39m - HikariPool-1 - Shutdown completed. 
2021-12-23 13:09:25,366 [restartedMain] [36mc.t.f.SpringBootRestFileUploadApplication[0;39m - Starting SpringBootRestFileUploadApplication using Java 15 on DESKTOP-7G56MR9 with PID 1132 (E:\Technoelevate Project\lte-person\target\classes started by Sahid in E:\Technoelevate Project\lte-person) 
2021-12-23 13:09:25,368 [restartedMain] [36mc.t.f.SpringBootRestFileUploadApplication[0;39m - No active profile set, falling back to default profiles: default 
2021-12-23 13:09:25,467 [restartedMain] [36mo.s.b.d.e.DevToolsPropertyDefaultsPostProcessor[0;39m - Devtools property defaults active! Set 'spring.devtools.add-properties' to 'false' to disable 
2021-12-23 13:09:25,467 [restartedMain] [36mo.s.b.d.e.DevToolsPropertyDefaultsPostProcessor[0;39m - For additional web related logging consider setting the 'logging.level.web' property to 'DEBUG' 
2021-12-23 13:09:26,760 [restartedMain] [36mo.s.d.r.c.RepositoryConfigurationDelegate[0;39m - Bootstrapping Spring Data JPA repositories in DEFAULT mode. 
2021-12-23 13:09:26,891 [restartedMain] [36mo.s.d.r.c.RepositoryConfigurationDelegate[0;39m - Finished Spring Data repository scanning in 111 ms. Found 4 JPA repository interfaces. 
2021-12-23 13:09:27,893 [restartedMain] [36mo.s.b.w.e.t.TomcatWebServer[0;39m - Tomcat initialized with port(s): 8081 (http) 
2021-12-23 13:09:27,913 [restartedMain] [36mo.a.c.c.StandardService[0;39m - Starting service [Tomcat] 
2021-12-23 13:09:27,914 [restartedMain] [36mo.a.c.c.StandardEngine[0;39m - Starting Servlet engine: [Apache Tomcat/9.0.55] 
2021-12-23 13:09:28,097 [restartedMain] [36mo.a.c.c.C.[.[.[/][0;39m - Initializing Spring embedded WebApplicationContext 
2021-12-23 13:09:28,097 [restartedMain] [36mo.s.b.w.s.c.ServletWebServerApplicationContext[0;39m - Root WebApplicationContext: initialization completed in 2628 ms 
2021-12-23 13:09:28,383 [restartedMain] [36mo.h.j.i.u.LogHelper[0;39m - HHH000204: Processing PersistenceUnitInfo [name: default] 
2021-12-23 13:09:28,483 [restartedMain] [36mo.h.Version[0;39m - HHH000412: Hibernate ORM core version 5.6.1.Final 
2021-12-23 13:09:28,780 [restartedMain] [36mo.h.a.c.Version[0;39m - HCANN000001: Hibernate Commons Annotations {5.1.2.Final} 
2021-12-23 13:09:28,962 [restartedMain] [36mc.z.h.HikariDataSource[0;39m - HikariPool-1 - Starting... 
2021-12-23 13:09:29,278 [restartedMain] [36mc.z.h.HikariDataSource[0;39m - HikariPool-1 - Start completed. 
2021-12-23 13:09:29,326 [restartedMain] [36mo.h.d.Dialect[0;39m - HHH000400: Using dialect: org.hibernate.dialect.MySQL55Dialect 
2021-12-23 13:09:31,077 [restartedMain] [36mo.h.e.t.j.p.i.JtaPlatformInitiator[0;39m - HHH000490: Using JtaPlatform implementation: [org.hibernate.engine.transaction.jta.platform.internal.NoJtaPlatform] 
2021-12-23 13:09:31,093 [restartedMain] [36mo.s.o.j.LocalContainerEntityManagerFactoryBean[0;39m - Initialized JPA EntityManagerFactory for persistence unit 'default' 
2021-12-23 13:09:31,930 [restartedMain] [36mo.s.b.a.o.j.JpaBaseConfiguration$JpaWebConfiguration[0;39m - spring.jpa.open-in-view is enabled by default. Therefore, database queries may be performed during view rendering. Explicitly configure spring.jpa.open-in-view to disable this warning 
2021-12-23 13:09:32,408 [restartedMain] [36mo.s.b.d.a.OptionalLiveReloadServer[0;39m - LiveReload server is running on port 35729 
2021-12-23 13:09:32,472 [restartedMain] [36mo.s.b.w.e.t.TomcatWebServer[0;39m - Tomcat started on port(s): 8081 (http) with context path '' 
2021-12-23 13:09:32,491 [restartedMain] [36mc.t.f.SpringBootRestFileUploadApplication[0;39m - Started SpringBootRestFileUploadApplication in 8.028 seconds (JVM running for 9.884) 
2021-12-23 13:12:01,871 [http-nio-8081-exec-1] [36mo.a.c.c.C.[.[.[/][0;39m - Initializing Spring DispatcherServlet 'dispatcherServlet' 
2021-12-23 13:12:01,894 [http-nio-8081-exec-1] [36mo.s.w.s.DispatcherServlet[0;39m - Initializing Servlet 'dispatcherServlet' 
2021-12-23 13:12:02,055 [http-nio-8081-exec-1] [36mo.s.w.s.DispatcherServlet[0;39m - Completed initialization in 160 ms 
2021-12-23 13:12:03,006 [http-nio-8081-exec-1] [36mc.t.f.c.FileUploadConttroller[0;39m - Fetch All Data Successfully 
2021-12-23 13:15:44,641 [http-nio-8081-exec-3] [36mc.t.f.c.FileUploadConttroller[0;39m - Fetch All Data Successfully 
2021-12-23 13:30:33,758 [http-nio-8081-exec-4] [36mc.t.f.c.FileUploadConttroller[0;39m - Fetch All Data Successfully 
2021-12-23 13:31:27,455 [http-nio-8081-exec-5] [36mc.t.f.c.FileUploadConttroller[0;39m - Fetch All Data Successfully 
2021-12-23 14:22:18,899 [HikariPool-1 housekeeper] [36mc.z.h.p.HikariPool[0;39m - HikariPool-1 - Thread starvation or clock leap detected (housekeeper delta=43m49s256ms241µs600ns). 
2021-12-23 20:57:45,013 [HikariPool-1 housekeeper] [36mc.z.h.p.HikariPool[0;39m - HikariPool-1 - Thread starvation or clock leap detected (housekeeper delta=5h42m24s270ms627µs200ns). 
2021-12-23 20:59:39,328 [RMI TCP Connection(91)-127.0.0.1] [36mo.s.b.a.SpringApplicationAdminMXBeanRegistrar$SpringApplicationAdmin[0;39m - Application shutdown requested. 
2021-12-23 20:59:41,008 [RMI TCP Connection(91)-127.0.0.1] [36mo.s.o.j.LocalContainerEntityManagerFactoryBean[0;39m - Closing JPA EntityManagerFactory for persistence unit 'default' 
2021-12-23 20:59:41,369 [RMI TCP Connection(91)-127.0.0.1] [36mc.z.h.HikariDataSource[0;39m - HikariPool-1 - Shutdown initiated... 
2021-12-23 20:59:41,490 [RMI TCP Connection(91)-127.0.0.1] [36mc.z.h.HikariDataSource[0;39m - HikariPool-1 - Shutdown completed. 
